LineGame/Temp/gradleOut/unityLibrary/build/intermediates/manifest_merge_blame_file/release/manifest-merger-blame-release-report.txt
1<?xml version="1.0" encoding="utf-8"?>
2<!-- GENERATED BY UNITY. REMOVE THIS COMMENT TO PREVENT OVERWRITING WHEN EXPORTING AGAIN -->
3<manifest xmlns:android="http://schemas.android.com/apk/res/android"
4    xmlns:tools="http://schemas.android.com/tools"
5    package="com.unity3d.player"
6    android:versionCode="1"
7    android:versionName="1.00" >
8
9    <uses-sdk
10        android:minSdkVersion="24"
10-->src\main\AndroidManifest.xml
11        android:targetSdkVersion="34" />
11-->src\main\AndroidManifest.xml
12
13    <uses-feature android:glEsVersion="0x00030000" />
13-->src\main\AndroidManifest.xml:17:3-52
13-->src\main\AndroidManifest.xml:17:17-49
14    <uses-feature
14-->src\main\AndroidManifest.xml:18:3-91
15        android:name="android.hardware.vulkan.version"
15-->src\main\AndroidManifest.xml:18:17-63
16        android:required="false" />
16-->src\main\AndroidManifest.xml:18:64-88
17
18    <uses-permission android:name="android.permission.INTERNET" />
18-->src\main\AndroidManifest.xml:19:3-65
18-->src\main\AndroidManifest.xml:19:20-62
19    <uses-permission android:name="android.permission.VIBRATE" />
19-->src\main\AndroidManifest.xml:20:3-64
19-->src\main\AndroidManifest.xml:20:20-61
20
21    <uses-feature
21-->src\main\AndroidManifest.xml:21:3-88
22        android:name="android.hardware.touchscreen"
22-->src\main\AndroidManifest.xml:21:17-60
23        android:required="false" />
23-->src\main\AndroidManifest.xml:21:61-85
24    <uses-feature
24-->src\main\AndroidManifest.xml:22:3-99
25        android:name="android.hardware.touchscreen.multitouch"
25-->src\main\AndroidManifest.xml:22:17-71
26        android:required="false" />
26-->src\main\AndroidManifest.xml:22:72-96
27    <uses-feature
27-->src\main\AndroidManifest.xml:23:3-108
28        android:name="android.hardware.touchscreen.multitouch.distinct"
28-->src\main\AndroidManifest.xml:23:17-80
29        android:required="false" />
29-->src\main\AndroidManifest.xml:23:81-105
30
31    <application>
31-->src\main\AndroidManifest.xml:4:3-16:17
32        <activity
32-->src\main\AndroidManifest.xml:5:5-11:16
33            android:name="com.unity3d.player.UnityPlayerActivity"
33-->src\main\AndroidManifest.xml:5:15-68
34            android:configChanges="mcc|mnc|locale|touchscreen|keyboard|keyboardHidden|navigation|orientation|screenLayout|uiMode|screenSize|smallestScreenSize|fontScale|layoutDirection|density"
34-->src\main\AndroidManifest.xml:5:180-361
35            android:exported="true"
35-->src\main\AndroidManifest.xml:5:433-456
36            android:hardwareAccelerated="false"
36-->src\main\AndroidManifest.xml:5:397-432
37            android:launchMode="singleTask"
37-->src\main\AndroidManifest.xml:5:148-179
38            android:resizeableActivity="false"
38-->src\main\AndroidManifest.xml:5:362-396
39            android:screenOrientation="portrait"
39-->src\main\AndroidManifest.xml:5:111-147
40            android:theme="@style/UnityThemeSelector" >
40-->src\main\AndroidManifest.xml:5:69-110
41            <intent-filter>
41-->src\main\AndroidManifest.xml:6:7-9:23
42                <action android:name="android.intent.action.MAIN" />
42-->src\main\AndroidManifest.xml:7:9-61
42-->src\main\AndroidManifest.xml:7:17-58
43
44                <category android:name="android.intent.category.LAUNCHER" />
44-->src\main\AndroidManifest.xml:8:9-69
44-->src\main\AndroidManifest.xml:8:19-66
45            </intent-filter>
46
47            <meta-data
47-->src\main\AndroidManifest.xml:10:7-82
48                android:name="unityplayer.UnityActivity"
48-->src\main\AndroidManifest.xml:10:18-58
49                android:value="true" />
49-->src\main\AndroidManifest.xml:10:59-79
50        </activity>
51
52        <meta-data
52-->src\main\AndroidManifest.xml:12:5-69
53            android:name="unity.splash-mode"
53-->src\main\AndroidManifest.xml:12:16-48
54            android:value="0" />
54-->src\main\AndroidManifest.xml:12:49-66
55        <meta-data
55-->src\main\AndroidManifest.xml:13:5-74
56            android:name="unity.splash-enable"
56-->src\main\AndroidManifest.xml:13:16-50
57            android:value="True" />
57-->src\main\AndroidManifest.xml:13:51-71
58        <meta-data
58-->src\main\AndroidManifest.xml:14:5-84
59            android:name="unity.allow-resizable-window"
59-->src\main\AndroidManifest.xml:14:16-59
60            android:value="False" />
60-->src\main\AndroidManifest.xml:14:60-81
61        <meta-data
61-->src\main\AndroidManifest.xml:15:5-101
62            android:name="unity.build-id"
62-->src\main\AndroidManifest.xml:15:16-45
63            android:value="ed2340e4-683b-4208-9fe7-0fa6b1c3caa3" />
63-->src\main\AndroidManifest.xml:15:46-98
64    </application>
65
66</manifest>